# JRE version: Java(TM) SE Runtime Environment (8.0_221-b11) (build 1.8.0_221-b11)
# Java VM: Java HotSpot(TM) 64-Bit Server VM (25.221-b11 mixed mode windows-amd64 compressed oops)
Heap:
 PSYoungGen      total 60416K, used 54628K [0x000000076b000000, 0x000000076f480000, 0x00000007c0000000)
  eden space 57344K, 95% used [0x000000076b000000,0x000000076e541170,0x000000076e800000)
  from space 3072K, 3% used [0x000000076ee80000,0x000000076ee98000,0x000000076f180000)
  to   space 3072K, 0% used [0x000000076f180000,0x000000076f180000,0x000000076f480000)
 ParOldGen       total 175104K, used 2096K [0x00000006c1000000, 0x00000006cbb00000, 0x000000076b000000)
  object space 175104K, 1% used [0x00000006c1000000,0x00000006c120c388,0x00000006cbb00000)
 Metaspace       used 11404K, capacity 11642K, committed 11904K, reserved 1058816K
  class space    used 1434K, capacity 1543K, committed 1664K, reserved 1048576K
GC Heap History (10 events):
Event: 65.535 GC heap before
{Heap before GC invocations=7 (full 0):
 PSYoungGen      total 65024K, used 64560K [0x000000076b000000, 0x000000076fb00000, 0x00000007c0000000)
  eden space 62464K, 100% used [0x000000076b000000,0x000000076ed00000,0x000000076ed00000)
  from space 2560K, 81% used [0x000000076f880000,0x000000076fa8c010,0x000000076fb00000)
  to   space 2560K, 0% used [0x000000076f600000,0x000000076f600000,0x000000076f880000)
 ParOldGen       total 175104K, used 56K [0x00000006c1000000, 0x00000006cbb00000, 0x000000076b000000)
  object space 175104K, 0% used [0x00000006c1000000,0x00000006c100e000,0x00000006cbb00000)
 Metaspace       used 11391K, capacity 11642K, committed 11904K, reserved 1058816K
  class space    used 1434K, capacity 1543K, committed 1664K, reserved 1048576K
Event: 65.539 GC heap after
Heap after GC invocations=7 (full 0):
 PSYoungGen      total 61952K, used 128K [0x000000076b000000, 0x000000076f900000, 0x00000007c0000000)
  eden space 61440K, 0% used [0x000000076b000000,0x000000076b000000,0x000000076ec00000)
  from space 512K, 25% used [0x000000076f600000,0x000000076f620000,0x000000076f680000)
  to   space 2560K, 0% used [0x000000076f680000,0x000000076f680000,0x000000076f900000)
 ParOldGen       total 175104K, used 2032K [0x00000006c1000000, 0x00000006cbb00000, 0x000000076b000000)
  object space 175104K, 1% used [0x00000006c1000000,0x00000006c11fc388,0x00000006cbb00000)
 Metaspace       used 11391K, capacity 11642K, committed 11904K, reserved 1058816K
  class space    used 1434K, capacity 1543K, committed 1664K, reserved 1048576K
}
Event: 67.126 GC heap before
{Heap before GC invocations=8 (full 0):
 PSYoungGen      total 61952K, used 61568K [0x000000076b000000, 0x000000076f900000, 0x00000007c0000000)
  eden space 61440K, 100% used [0x000000076b000000,0x000000076ec00000,0x000000076ec00000)
  from space 512K, 25% used [0x000000076f600000,0x000000076f620000,0x000000076f680000)
  to   space 2560K, 0% used [0x000000076f680000,0x000000076f680000,0x000000076f900000)
 ParOldGen       total 175104K, used 2032K [0x00000006c1000000, 0x00000006cbb00000, 0x000000076b000000)
  object space 175104K, 1% used [0x00000006c1000000,0x00000006c11fc388,0x00000006cbb00000)
 Metaspace       used 11391K, capacity 11642K, committed 11904K, reserved 1058816K
  class space    used 1434K, capacity 1543K, committed 1664K, reserved 1048576K
Event: 67.127 GC heap after
Heap after GC invocations=8 (full 0):
 PSYoungGen      total 60928K, used 64K [0x000000076b000000, 0x000000076f700000, 0x00000007c0000000)
  eden space 60416K, 0% used [0x000000076b000000,0x000000076b000000,0x000000076eb00000)
  from space 512K, 12% used [0x000000076f680000,0x000000076f690000,0x000000076f700000)
  to   space 3072K, 0% used [0x000000076f100000,0x000000076f100000,0x000000076f400000)
 ParOldGen       total 175104K, used 2056K [0x00000006c1000000, 0x00000006cbb00000, 0x000000076b000000)
  object space 175104K, 1% used [0x00000006c1000000,0x00000006c1202388,0x00000006cbb00000)
 Metaspace       used 11391K, capacity 11642K, committed 11904K, reserved 1058816K
  class space    used 1434K, capacity 1543K, committed 1664K, reserved 1048576K
}
Event: 69.282 GC heap before
{Heap before GC invocations=9 (full 0):
 PSYoungGen      total 60928K, used 60480K [0x000000076b000000, 0x000000076f700000, 0x00000007c0000000)
  eden space 60416K, 100% used [0x000000076b000000,0x000000076eb00000,0x000000076eb00000)
  from space 512K, 12% used [0x000000076f680000,0x000000076f690000,0x000000076f700000)
  to   space 3072K, 0% used [0x000000076f100000,0x000000076f100000,0x000000076f400000)
 ParOldGen       total 175104K, used 2056K [0x00000006c1000000, 0x00000006cbb00000, 0x000000076b000000)
  object space 175104K, 1% used [0x00000006c1000000,0x00000006c1202388,0x00000006cbb00000)
 Metaspace       used 11391K, capacity 11642K, committed 11904K, reserved 1058816K
  class space    used 1434K, capacity 1543K, committed 1664K, reserved 1048576K
Event: 69.282 GC heap after
Heap after GC invocations=9 (full 0):
 PSYoungGen      total 62464K, used 96K [0x000000076b000000, 0x000000076f700000, 0x00000007c0000000)
  eden space 59392K, 0% used [0x000000076b000000,0x000000076b000000,0x000000076ea00000)
  from space 3072K, 3% used [0x000000076f100000,0x000000076f118000,0x000000076f400000)
  to   space 3072K, 0% used [0x000000076f400000,0x000000076f400000,0x000000076f700000)
 ParOldGen       total 175104K, used 2056K [0x00000006c1000000, 0x00000006cbb00000, 0x000000076b000000)
  object space 175104K, 1% used [0x00000006c1000000,0x00000006c1202388,0x00000006cbb00000)
 Metaspace       used 11391K, capacity 11642K, committed 11904K, reserved 1058816K
  class space    used 1434K, capacity 1543K, committed 1664K, reserved 1048576K
}
Event: 71.529 GC heap before
{Heap before GC invocations=10 (full 0):
 PSYoungGen      total 62464K, used 59488K [0x000000076b000000, 0x000000076f700000, 0x00000007c0000000)
  eden space 59392K, 100% used [0x000000076b000000,0x000000076ea00000,0x000000076ea00000)
  from space 3072K, 3% used [0x000000076f100000,0x000000076f118000,0x000000076f400000)
  to   space 3072K, 0% used [0x000000076f400000,0x000000076f400000,0x000000076f700000)
 ParOldGen       total 175104K, used 2056K [0x00000006c1000000, 0x00000006cbb00000, 0x000000076b000000)
  object space 175104K, 1% used [0x00000006c1000000,0x00000006c1202388,0x00000006cbb00000)
 Metaspace       used 11391K, capacity 11642K, committed 11904K, reserved 1058816K
  class space    used 1434K, capacity 1543K, committed 1664K, reserved 1048576K
Event: 71.530 GC heap after
Heap after GC invocations=10 (full 0):
 PSYoungGen      total 58880K, used 192K [0x000000076b000000, 0x000000076f480000, 0x00000007c0000000)
  eden space 58368K, 0% used [0x000000076b000000,0x000000076b000000,0x000000076e900000)
  from space 512K, 37% used [0x000000076f400000,0x000000076f430000,0x000000076f480000)
  to   space 3072K, 0% used [0x000000076ee80000,0x000000076ee80000,0x000000076f180000)
 ParOldGen       total 175104K, used 2096K [0x00000006c1000000, 0x00000006cbb00000, 0x000000076b000000)
  object space 175104K, 1% used [0x00000006c1000000,0x00000006c120c388,0x00000006cbb00000)
 Metaspace       used 11391K, capacity 11642K, committed 11904K, reserved 1058816K
  class space    used 1434K, capacity 1543K, committed 1664K, reserved 1048576K
}
Event: 73.175 GC heap before
{Heap before GC invocations=11 (full 0):
 PSYoungGen      total 58880K, used 58560K [0x000000076b000000, 0x000000076f480000, 0x00000007c0000000)
  eden space 58368K, 100% used [0x000000076b000000,0x000000076e900000,0x000000076e900000)
  from space 512K, 37% used [0x000000076f400000,0x000000076f430000,0x000000076f480000)
  to   space 3072K, 0% used [0x000000076ee80000,0x000000076ee80000,0x000000076f180000)
 ParOldGen       total 175104K, used 2096K [0x00000006c1000000, 0x00000006cbb00000, 0x000000076b000000)
  object space 175104K, 1% used [0x00000006c1000000,0x00000006c120c388,0x00000006cbb00000)
 Metaspace       used 11391K, capacity 11642K, committed 11904K, reserved 1058816K
  class space    used 1434K, capacity 1543K, committed 1664K, reserved 1048576K
Event: 73.176 GC heap after
Heap after GC invocations=11 (full 0):
 PSYoungGen      total 60416K, used 96K [0x000000076b000000, 0x000000076f480000, 0x00000007c0000000)
  eden space 57344K, 0% used [0x000000076b000000,0x000000076b000000,0x000000076e800000)
  from space 3072K, 3% used [0x000000076ee80000,0x000000076ee98000,0x000000076f180000)
  to   space 3072K, 0% used [0x000000076f180000,0x000000076f180000,0x000000076f480000)
 ParOldGen       total 175104K, used 2096K [0x00000006c1000000, 0x00000006cbb00000, 0x000000076b000000)
  object space 175104K, 1% used [0x00000006c1000000,0x00000006c120c388,0x00000006cbb00000)
 Metaspace       used 11391K, capacity 11642K, committed 11904K, reserved 1058816K
  class space    used 1434K, capacity 1543K, committed 1664K, reserved 1048576K
}

